#
# A fatal error has been detected by the Java Runtime Environment:
#
#  SIGSEGV (0xb) at pc=0xb4a5f362, pid=5112, tid=1278200688
#
# JRE version: 7.0_01-b08
# Java VM: Java HotSpot(TM) Server VM (21.1-b02 mixed mode linux-x86 )
# Problematic frame:
# J  org.ensime.util.ClassIterator$$anonfun$processOpenZip$1.apply(Ljava/util/zip/ZipEntry;)V
#
# Failed to write core dump. Core dumps have been disabled. To enable core dumping, try "ulimit -c unlimited" before starting Java again
#
# If you would like to submit a bug report, please visit:
#   http://bugreport.sun.com/bugreport/crash.jsp
#

---------------  T H R E A D  ---------------

Current thread (0x4c6b2800):  JavaThread "Thread-5" [_thread_in_Java, id=5131, stack(0x4c1fc000,0x4c2fd000)]

siginfo:si_signo=SIGSEGV: si_errno=0, si_code=128 (), si_addr=0x00000000

Registers:
EAX=0x00000000, EBX=0x4c2fb8d0, ECX=0x4c2fb8a4, EDX=0x9e365158
ESP=0x4c2fb8d0, EBP=0x00000000, ESI=0xb4a5f360, EDI=0x00000000
EIP=0xb4a5f362, EFLAGS=0x00010246, CR2=0x00000004

Top of Stack: (sp=0x4c2fb8d0)
0x4c2fb8d0:   4af27e80 00000000 089dc990 9e3653f8
0x4c2fb8e0:   4af27e80 00000000 9e3653f8 4c6b2800
0x4c2fb8f0:   9e365048 4c6b2800 000005a9 00000000
0x4c2fb900:   a2e40728 4af27e80 a2e40558 9e365140
0x4c2fb910:   089dc990 9e365048 4c2fb958 b4828d3a
0x4c2fb920:   4c6b2920 4c2fb940 089dc990 00000000
0x4c2fb930:   4af27e80 00000000 00000007 00000040
0x4c2fb940:   573ef6d8 00000040 00000090 a2e40388 

Instructions: (pc=0xb4a5f362)
0xb4a5f342:   f7 c3 87 ff ff ff 0f 85 3b 43 00 00 8b 4c 24 44
0xb4a5f352:   8b 49 24 90 b8 ff ff ff ff e8 00 73 d8 ff 85 c0
0xb4a5f362:   0f 84 e9 1b 00 00 8b 58 04 81 fb 38 72 07 4e 0f
0xb4a5f372:   85 ae 44 00 00 89 44 24 34 e9 64 06 00 00 8b 4c 

Register to memory mapping:

EAX=0x00000000 is an unknown value
EBX=0x4c2fb8d0 is pointing into the stack for thread: 0x4c6b2800
ECX=0x4c2fb8a4 is pointing into the stack for thread: 0x4c6b2800
EDX=0x9e365158 is an oop
[Ljava.lang.Object; 
 - klass: 'java/lang/Object'[]
 - length: 16
ESP=0x4c2fb8d0 is pointing into the stack for thread: 0x4c6b2800
EBP=0x00000000 is an unknown value
ESI=0xb4a5e648 [CodeBlob (0xb4a5e648)]
Framesize: 36
EDI=0x00000000 is an unknown value


Stack: [0x4c1fc000,0x4c2fd000],  sp=0x4c2fb8d0,  free space=1022k
Native frames: (J=compiled Java code, j=interpreted, Vv=VM code, C=native code)
J  org.ensime.util.ClassIterator$$anonfun$processOpenZip$1.apply(Ljava/util/zip/ZipEntry;)V

[error occurred during error reporting (printing native stack), id 0xb]


---------------  P R O C E S S  ---------------

Java Threads: ( => current thread )
  0x4b74ec00 JavaThread "Thread-11" [_thread_blocked, id=5138, stack(0x4b2ff000,0x4b400000)]
  0x4bab7400 JavaThread "Scala Presentation Compiler []" [_thread_blocked, id=5137, stack(0x4b5ff000,0x4b700000)]
  0x08cec400 JavaThread "Thread-10" [_thread_blocked, id=5136, stack(0x4bcf7000,0x4bdf8000)]
  0x08ce8000 JavaThread "Thread-9" [_thread_blocked, id=5135, stack(0x4bdf8000,0x4bef9000)]
  0x4c715000 JavaThread "Thread-8" [_thread_blocked, id=5134, stack(0x4bef9000,0x4bffa000)]
  0x08b45800 JavaThread "Thread-7" [_thread_blocked, id=5133, stack(0x4bffa000,0x4c0fb000)]
  0x08b2a000 JavaThread "Thread-6" [_thread_in_native, id=5132, stack(0x4c0fb000,0x4c1fc000)]
=>0x4c6b2800 JavaThread "Thread-5" [_thread_in_Java, id=5131, stack(0x4c1fc000,0x4c2fd000)]
  0x08ab8c00 JavaThread "Thread-4" [_thread_blocked, id=5130, stack(0x4c3fe000,0x4c4ff000)]
  0x08bca000 JavaThread "Thread-3" [_thread_blocked, id=5129, stack(0x4c2fd000,0x4c3fe000)]
  0x4c67e800 JavaThread "Timer-0" daemon [_thread_blocked, id=5126, stack(0x4c4ff000,0x4c600000)]
  0x4d601400 JavaThread "Service Thread" daemon [_thread_blocked, id=5124, stack(0x4cb4a000,0x4cc4b000)]
  0x0899dc00 JavaThread "C2 CompilerThread1" daemon [_thread_in_native, id=5123, stack(0x4cc4b000,0x4cccc000)]
  0x0899bc00 JavaThread "C2 CompilerThread0" daemon [_thread_in_native, id=5122, stack(0x4cccc000,0x4cd4d000)]
  0x0899a000 JavaThread "Signal Dispatcher" daemon [_thread_blocked, id=5121, stack(0x4cd4d000,0x4ce4e000)]
  0x08961000 JavaThread "Finalizer" daemon [_thread_blocked, id=5120, stack(0x4d1be000,0x4d2bf000)]
  0x0895c400 JavaThread "Reference Handler" daemon [_thread_blocked, id=5119, stack(0x4d2bf000,0x4d3c0000)]
  0x0888e800 JavaThread "main" [_thread_in_native, id=5113, stack(0xb77b8000,0xb78b9000)]

Other Threads:
  0x08956800 VMThread [stack: 0x4d3c0000,0x4d441000] [id=5118]
  0x4d613800 WatcherThread [stack: 0x4cac9000,0x4cb4a000] [id=5125]

VM state:not at safepoint (normal execution)

VM Mutex/Monitor currently owned by a thread: None

Heap
 PSYoungGen      total 273280K, used 239683K [0x94ef0000, 0xb46f0000, 0xb46f0000)
  eden space 262400K, 87% used [0x94ef0000,0xa2e62708,0xa4f30000)
  from space 10880K, 99% used [0xa4f30000,0xa59ce5f0,0xa59d0000)
  to   space 57664K, 0% used [0xb0ea0000,0xb0ea0000,0xb46f0000)
 PSOldGen        total 174784K, used 107246K [0x55ef0000, 0x609a0000, 0x94ef0000)
  object space 174784K, 61% used [0x55ef0000,0x5c7abba8,0x609a0000)
 PSPermGen       total 131072K, used 20932K [0x4def0000, 0x55ef0000, 0x55ef0000)
  object space 131072K, 15% used [0x4def0000,0x4f361328,0x55ef0000)

Code Cache  [0xb47b8000, 0xb4a80000, 0xb77b8000)
 total_blobs=1146 nmethods=997 adapters=100 free_code_cache=46396Kb largest_free_block=47415360

Dynamic libraries:
00110000-00286000 r-xp 00000000 08:03 1749       /lib/i386-linux-gnu/libc-2.13.so
00286000-00288000 r--p 00176000 08:03 1749       /lib/i386-linux-gnu/libc-2.13.so
00288000-00289000 rw-p 00178000 08:03 1749       /lib/i386-linux-gnu/libc-2.13.so
00289000-0028c000 rw-p 00000000 00:00 0 
0028c000-002a1000 r-xp 00000000 08:03 1761       /lib/i386-linux-gnu/libnsl-2.13.so
002a1000-002a2000 r--p 00015000 08:03 1761       /lib/i386-linux-gnu/libnsl-2.13.so
002a2000-002a3000 rw-p 00016000 08:03 1761       /lib/i386-linux-gnu/libnsl-2.13.so
002a3000-002a5000 rw-p 00000000 00:00 0 
002a5000-002b0000 r-xp 00000000 08:03 1769       /lib/i386-linux-gnu/libnss_files-2.13.so
002b0000-002b1000 r--p 0000a000 08:03 1769       /lib/i386-linux-gnu/libnss_files-2.13.so
002b1000-002b2000 rw-p 0000b000 08:03 1769       /lib/i386-linux-gnu/libnss_files-2.13.so
004b1000-004c5000 r-xp 00000000 08:05 6057401    /media/_mnt_repos/dt/jdk1.7.0_01/jre/lib/i386/libnet.so
004c5000-004c6000 rw-p 00014000 08:05 6057401    /media/_mnt_repos/dt/jdk1.7.0_01/jre/lib/i386/libnet.so
004cf000-004d2000 r-xp 00000000 08:03 1754       /lib/i386-linux-gnu/libdl-2.13.so
004d2000-004d3000 r--p 00002000 08:03 1754       /lib/i386-linux-gnu/libdl-2.13.so
004d3000-004d4000 rw-p 00003000 08:03 1754       /lib/i386-linux-gnu/libdl-2.13.so
00546000-0056e000 r-xp 00000000 08:03 1755       /lib/i386-linux-gnu/libm-2.13.so
0056e000-0056f000 r--p 00028000 08:03 1755       /lib/i386-linux-gnu/libm-2.13.so
0056f000-00570000 rw-p 00029000 08:03 1755       /lib/i386-linux-gnu/libm-2.13.so
0057c000-00588000 r-xp 00000000 08:05 6057373    /media/_mnt_repos/dt/jdk1.7.0_01/jre/lib/i386/libverify.so
00588000-00589000 rw-p 0000c000 08:05 6057373    /media/_mnt_repos/dt/jdk1.7.0_01/jre/lib/i386/libverify.so
007ed000-007f4000 r-xp 00000000 08:03 1824       /lib/i386-linux-gnu/librt-2.13.so
007f4000-007f5000 r--p 00006000 08:03 1824       /lib/i386-linux-gnu/librt-2.13.so
007f5000-007f6000 rw-p 00007000 08:03 1824       /lib/i386-linux-gnu/librt-2.13.so
0086f000-00886000 r-xp 00000000 08:05 6057417    /media/_mnt_repos/dt/jdk1.7.0_01/jre/lib/i386/libzip.so
00886000-00887000 rw-p 00017000 08:05 6057417    /media/_mnt_repos/dt/jdk1.7.0_01/jre/lib/i386/libzip.so
00900000-00913000 r-xp 00000000 08:05 6057392    /media/_mnt_repos/dt/jdk1.7.0_01/jre/lib/i386/jli/libjli.so
00913000-00914000 rw-p 00012000 08:05 6057392    /media/_mnt_repos/dt/jdk1.7.0_01/jre/lib/i386/jli/libjli.so
0091c000-00926000 r-xp 00000000 08:03 1801       /lib/i386-linux-gnu/libnss_nis-2.13.so
00926000-00927000 r--p 00009000 08:03 1801       /lib/i386-linux-gnu/libnss_nis-2.13.so
00927000-00928000 rw-p 0000a000 08:03 1801       /lib/i386-linux-gnu/libnss_nis-2.13.so
0092d000-00935000 r-xp 00000000 08:03 1765       /lib/i386-linux-gnu/libnss_compat-2.13.so
00935000-00936000 r--p 00007000 08:03 1765       /lib/i386-linux-gnu/libnss_compat-2.13.so
00936000-00937000 rw-p 00008000 08:03 1765       /lib/i386-linux-gnu/libnss_compat-2.13.so
00aa6000-00ab4000 r-xp 00000000 08:05 6057406    /media/_mnt_repos/dt/jdk1.7.0_01/jre/lib/i386/libnio.so
00ab4000-00ab5000 rw-p 0000e000 08:05 6057406    /media/_mnt_repos/dt/jdk1.7.0_01/jre/lib/i386/libnio.so
00bb4000-00bd2000 r-xp 00000000 08:03 1733       /lib/i386-linux-gnu/ld-2.13.so
00bd2000-00bd3000 r--p 0001d000 08:03 1733       /lib/i386-linux-gnu/ld-2.13.so
00bd3000-00bd4000 rw-p 0001e000 08:03 1733       /lib/i386-linux-gnu/ld-2.13.so
00d3b000-00d5e000 r-xp 00000000 08:05 6057389    /media/_mnt_repos/dt/jdk1.7.0_01/jre/lib/i386/libjava.so
00d5e000-00d5f000 rw-p 00022000 08:05 6057389    /media/_mnt_repos/dt/jdk1.7.0_01/jre/lib/i386/libjava.so
00e06000-00e1d000 r-xp 00000000 08:03 1822       /lib/i386-linux-gnu/libpthread-2.13.so
00e1d000-00e1e000 r--p 00016000 08:03 1822       /lib/i386-linux-gnu/libpthread-2.13.so
00e1e000-00e1f000 rw-p 00017000 08:03 1822       /lib/i386-linux-gnu/libpthread-2.13.so
00e1f000-00e21000 rw-p 00000000 00:00 0 
00fb7000-00fb8000 r-xp 00000000 00:00 0          [vdso]
00fb8000-0171c000 r-xp 00000000 08:05 6057416    /media/_mnt_repos/dt/jdk1.7.0_01/jre/lib/i386/server/libjvm.so
0171c000-01767000 rw-p 00763000 08:05 6057416    /media/_mnt_repos/dt/jdk1.7.0_01/jre/lib/i386/server/libjvm.so
01767000-01b86000 rw-p 00000000 00:00 0 
08048000-08049000 r-xp 00000000 08:05 6056611    /media/_mnt_repos/dt/jdk1.7.0_01/bin/java
08049000-0804a000 rw-p 00000000 08:05 6056611    /media/_mnt_repos/dt/jdk1.7.0_01/bin/java
08888000-09209000 rw-p 00000000 00:00 0          [heap]
48200000-48365000 rw-p 00000000 00:00 0 
48365000-48400000 ---p 00000000 00:00 0 
48400000-484ff000 rw-p 00000000 00:00 0 
484ff000-48500000 ---p 00000000 00:00 0 
48500000-485fe000 rw-p 00000000 00:00 0 
485fe000-48600000 ---p 00000000 00:00 0 
48600000-486ff000 rw-p 00000000 00:00 0 
486ff000-48700000 ---p 00000000 00:00 0 
48700000-487b2000 rw-p 00000000 00:00 0 
487b2000-48800000 ---p 00000000 00:00 0 
48800000-488fe000 rw-p 00000000 00:00 0 
488fe000-48900000 ---p 00000000 00:00 0 
48900000-489fe000 rw-p 00000000 00:00 0 
489fe000-48a00000 ---p 00000000 00:00 0 
48a00000-48aff000 rw-p 00000000 00:00 0 
48aff000-48b00000 ---p 00000000 00:00 0 
48b00000-48bfe000 rw-p 00000000 00:00 0 
48bfe000-48c00000 ---p 00000000 00:00 0 
48c00000-48cff000 rw-p 00000000 00:00 0 
48cff000-48d00000 ---p 00000000 00:00 0 
48d00000-48dff000 rw-p 00000000 00:00 0 
48dff000-48e00000 ---p 00000000 00:00 0 
48e00000-48fff000 rw-p 00000000 00:00 0 
48fff000-49000000 ---p 00000000 00:00 0 
49000000-490ff000 rw-p 00000000 00:00 0 
490ff000-49100000 ---p 00000000 00:00 0 
49100000-491ff000 rw-p 00000000 00:00 0 
491ff000-49200000 ---p 00000000 00:00 0 
49200000-493ff000 rw-p 00000000 00:00 0 
493ff000-49400000 ---p 00000000 00:00 0 
49400000-495ff000 rw-p 00000000 00:00 0 
495ff000-49600000 ---p 00000000 00:00 0 
49600000-496fe000 rw-p 00000000 00:00 0 
496fe000-49700000 ---p 00000000 00:00 0 
49700000-49800000 rw-p 00000000 00:00 0 
49800000-498ff000 rw-p 00000000 00:00 0 
498ff000-49900000 ---p 00000000 00:00 0 
49900000-499ff000 rw-p 00000000 00:00 0 
499ff000-49a00000 ---p 00000000 00:00 0 
49a00000-49bff000 rw-p 00000000 00:00 0 
49bff000-49c00000 ---p 00000000 00:00 0 
49c00000-49dff000 rw-p 00000000 00:00 0 
49dff000-49e00000 ---p 00000000 00:00 0 
49e00000-49eff000 rw-p 00000000 00:00 0 
49eff000-49f00000 ---p 00000000 00:00 0 
49f00000-4a000000 rw-p 00000000 00:00 0 
4a000000-4a0fd000 rw-p 00000000 00:00 0 
4a0fd000-4a100000 ---p 00000000 00:00 0 
4a100000-4a1b3000 rw-p 00000000 00:00 0 
4a1b3000-4a200000 ---p 00000000 00:00 0 
4a300000-4a3ea000 rw-p 00000000 00:00 0 
4a3ea000-4a400000 ---p 00000000 00:00 0 
4a400000-4a500000 rw-p 00000000 00:00 0 
4a500000-4a5fd000 rw-p 00000000 00:00 0 
4a5fd000-4a600000 ---p 00000000 00:00 0 
4a600000-4a6f4000 rw-p 00000000 00:00 0 
4a6f4000-4a700000 ---p 00000000 00:00 0 
4a700000-4a7fd000 rw-p 00000000 00:00 0 
4a7fd000-4a800000 ---p 00000000 00:00 0 
4a800000-4a8ff000 rw-p 00000000 00:00 0 
4a8ff000-4a900000 ---p 00000000 00:00 0 
4a900000-4a9f8000 rw-p 00000000 00:00 0 
4a9f8000-4aa00000 ---p 00000000 00:00 0 
4aa00000-4aafb000 rw-p 00000000 00:00 0 
4aafb000-4ab00000 ---p 00000000 00:00 0 
4ab00000-4abd1000 rw-p 00000000 00:00 0 
4abd1000-4ac00000 ---p 00000000 00:00 0 
4ad00000-4adfb000 rw-p 00000000 00:00 0 
4adfb000-4ae00000 ---p 00000000 00:00 0 
4ae00000-4af00000 rw-p 00000000 00:00 0 
4af00000-4afe8000 rw-p 00000000 00:00 0 
4afe8000-4b000000 ---p 00000000 00:00 0 
4b000000-4b0f9000 rw-p 00000000 00:00 0 
4b0f9000-4b100000 ---p 00000000 00:00 0 
4b100000-4b1ff000 rw-p 00000000 00:00 0 
4b1ff000-4b200000 ---p 00000000 00:00 0 
4b2ff000-4b302000 ---p 00000000 00:00 0 
4b302000-4b400000 rw-p 00000000 00:00 0 
4b400000-4b4f9000 rw-p 00000000 00:00 0 
4b4f9000-4b500000 ---p 00000000 00:00 0 
4b5ff000-4b602000 ---p 00000000 00:00 0 
4b602000-4b700000 rw-p 00000000 00:00 0 
4b700000-4b800000 rw-p 00000000 00:00 0 
4b900000-4b9fe000 rw-p 00000000 00:00 0 
4b9fe000-4ba00000 ---p 00000000 00:00 0 
4ba00000-4bb00000 rw-p 00000000 00:00 0 
4bb00000-4bc00000 rw-p 00000000 00:00 0 
4bc4c000-4bc4e000 r--s 0001d000 08:05 6057368    /media/_mnt_repos/dt/jdk1.7.0_01/jre/lib/alt-rt.jar
4bc4e000-4bc61000 r--s 0018b000 08:05 6057456    /media/_mnt_repos/dt/jdk1.7.0_01/jre/lib/plugin.jar
4bc61000-4bc62000 r--s 00000000 08:05 6057425    /media/_mnt_repos/dt/jdk1.7.0_01/jre/lib/management-agent.jar
4bc62000-4bc63000 r--s 00000000 08:05 6057450    /media/_mnt_repos/dt/jdk1.7.0_01/jre/lib/security/US_export_policy.jar
4bc63000-4bc77000 r--s 00361000 08:05 6057455    /media/_mnt_repos/dt/jdk1.7.0_01/jre/lib/deploy.jar
4bc77000-4bc80000 r--s 000c9000 08:05 6057426    /media/_mnt_repos/dt/jdk1.7.0_01/jre/lib/javaws.jar
4bc80000-4bc81000 r--s 00000000 08:05 6057446    /media/_mnt_repos/dt/jdk1.7.0_01/jre/lib/security/local_policy.jar
4bc81000-4bc85000 r--s 00088000 08:05 6057424    /media/_mnt_repos/dt/jdk1.7.0_01/jre/lib/jsse.jar
4bc85000-4bc89000 r--s 00037000 08:05 6057367    /media/_mnt_repos/dt/jdk1.7.0_01/jre/lib/ext/sunpkcs11.jar
4bc89000-4bc8a000 r--s 00003000 08:05 6057365    /media/_mnt_repos/dt/jdk1.7.0_01/jre/lib/ext/sunec.jar
4bc8a000-4bc8e000 r--s 000f6000 08:05 6057364    /media/_mnt_repos/dt/jdk1.7.0_01/jre/lib/ext/localedata.jar
4bc8e000-4bc90000 r--s 00001000 08:05 6057362    /media/_mnt_repos/dt/jdk1.7.0_01/jre/lib/ext/dnsns.jar
4bc90000-4bc94000 r--s 0002d000 08:05 6057363    /media/_mnt_repos/dt/jdk1.7.0_01/jre/lib/ext/sunjce_provider.jar
4bc94000-4bc96000 r--s 0000f000 08:05 6057366    /media/_mnt_repos/dt/jdk1.7.0_01/jre/lib/ext/zipfs.jar
4bc96000-4bca1000 r--s 00370000 08:05 6057524    /media/_mnt_repos/dt/jdk1.7.0_01/jre/lib/charsets.jar
4bca1000-4bca4000 r--s 00018000 08:05 6057562    /media/_mnt_repos/dt/jdk1.7.0_01/jre/lib/jce.jar
4bca4000-4bca8000 r--s 00088000 08:05 6057424    /media/_mnt_repos/dt/jdk1.7.0_01/jre/lib/jsse.jar
4bca8000-4bcb1000 r--s 00254000 08:05 6057358    /media/_mnt_repos/dt/jdk1.7.0_01/jre/lib/resources.jar
4bcb1000-4bcda000 r--s 00423000 08:06 13943      /home/vvitvitskiy/.emacs.d/ensime/lib/org.eclipse.jdt.core-3.6.0.v_A58.jar
4bcda000-4bcdc000 r--s 00002000 08:06 13938      /home/vvitvitskiy/.emacs.d/ensime/lib/maven-error-diagnostics-2.2.1.jar
4bcdc000-4bcdd000 r--s 0000a000 08:06 13928      /home/vvitvitskiy/.emacs.d/ensime/lib/asm-3.2.jar
4bcdd000-4bcdf000 r--s 00004000 08:06 13923      /home/vvitvitskiy/.emacs.d/ensime/lib/asm-tree-3.2.jar
4bcdf000-4bce1000 r--s 0000b000 08:06 13922      /home/vvitvitskiy/.emacs.d/ensime/lib/wagon-provider-api-1.0-beta-6.jar
4bce1000-4bcf0000 r--s 000d0000 08:06 13921      /home/vvitvitskiy/.emacs.d/ensime/lib/ivy-2.1.0.jar
4bcf0000-4bcf7000 r--s 00029000 08:06 13918      /home/vvitvitskiy/.emacs.d/ensime/lib/plexus-container-default-1.0-alpha-9-stable-1.jar
4bcf7000-4bcfa000 ---p 00000000 00:00 0 
4bcfa000-4bdf8000 rw-p 00000000 00:00 0 
4bdf8000-4bdfb000 ---p 00000000 00:00 0 
4bdfb000-4bef9000 rw-p 00000000 00:00 0 
4bef9000-4befc000 ---p 00000000 00:00 0 
4befc000-4bffa000 rw-p 00000000 00:00 0 
4bffa000-4bffd000 ---p 00000000 00:00 0 
4bffd000-4c0fb000 rw-p 00000000 00:00 0 
4c0fb000-4c0fe000 ---p 00000000 00:00 0 
4c0fe000-4c1fc000 rw-p 00000000 00:00 0 
4c1fc000-4c1ff000 ---p 00000000 00:00 0 
4c1ff000-4c2fd000 rw-p 00000000 00:00 0 
4c2fd000-4c300000 ---p 00000000 00:00 0 
4c300000-4c3fe000 rw-p 00000000 00:00 0 
4c3fe000-4c401000 ---p 00000000 00:00 0 
4c401000-4c4ff000 rw-p 00000000 00:00 0 
4c4ff000-4c502000 ---p 00000000 00:00 0 
4c502000-4c600000 rw-p 00000000 00:00 0 
4c600000-4c6ff000 rw-p 00000000 00:00 0 
4c6ff000-4c700000 ---p 00000000 00:00 0 
4c700000-4c7f4000 rw-p 00000000 00:00 0 
4c7f4000-4c800000 ---p 00000000 00:00 0 
4c800000-4c8ff000 rw-p 00000000 00:00 0 
4c8ff000-4c900000 ---p 00000000 00:00 0 
4c901000-4c904000 r--s 00011000 08:06 13919      /home/vvitvitskiy/.emacs.d/ensime/lib/maven-artifact-2.2.1.jar
4c904000-4c906000 r--s 0000b000 08:06 13912      /home/vvitvitskiy/.emacs.d/ensime/lib/plexus-interpolation-1.11.jar
4c906000-4c907000 r--s 00007000 08:06 13907      /home/vvitvitskiy/.emacs.d/ensime/lib/expectj-2.0.1.jar
4c907000-4c909000 r--s 00006000 08:06 13902      /home/vvitvitskiy/.emacs.d/ensime/lib/maven-plugin-registry-2.2.1.jar
4c909000-4c90b000 r--s 00005000 08:06 13900      /home/vvitvitskiy/.emacs.d/ensime/lib/maven-repository-metadata-2.2.1.jar
4c90b000-4c988000 r--s 007f2000 08:06 13899      /home/vvitvitskiy/.emacs.d/ensime/lib/scala-library.jar
4c988000-4c98a000 r--s 00007000 08:06 13896      /home/vvitvitskiy/.emacs.d/ensime/lib/maven-profile-2.2.1.jar
4c98a000-4c992000 r--s 00049000 08:06 13893      /home/vvitvitskiy/.emacs.d/ensime/lib/backport-util-concurrent-3.1.jar
4c992000-4c9a9000 r--s 0015b000 08:06 13890      /home/vvitvitskiy/.emacs.d/ensime/lib/ant-1.8.1.jar
4c9a9000-4c9c7000 r--s 0014b000 08:06 13888      /home/vvitvitskiy/.emacs.d/ensime/lib/org.scala-refactoring_2.9.2-SNAPSHOT-0.3.0-SNAPSHOT.jar
4c9c7000-4c9c9000 r--s 00014000 08:06 13887      /home/vvitvitskiy/.emacs.d/ensime/lib/maven-model-2.2.1.jar
4c9c9000-4c9cd000 r--s 00023000 08:06 13883      /home/vvitvitskiy/.emacs.d/ensime/lib/maven-project-2.2.1.jar
4c9cd000-4c9ce000 r--s 00003000 08:06 13881      /home/vvitvitskiy/.emacs.d/ensime/lib/wagon-http-lightweight-1.0-beta-6.jar
4c9ce000-4c9ef000 r--s 00172000 08:06 13880      /home/vvitvitskiy/.emacs.d/ensime/lib/maven-ant-tasks-2.1.0.jar
4c9ef000-4c9f1000 r--s 00005000 08:06 13875      /home/vvitvitskiy/.emacs.d/ensime/lib/wagon-http-shared-1.0-beta-6.jar
4c9f1000-4cab8000 r--s 00a09000 08:06 13872      /home/vvitvitskiy/.emacs.d/ensime/lib/scala-compiler.jar
4cab8000-4caba000 r--s 00002000 08:06 13870      /home/vvitvitskiy/.emacs.d/ensime/lib/ant-launcher-1.8.1.jar
4caba000-4cac9000 r--s 000ee000 08:06 13864      /home/vvitvitskiy/.emacs.d/ensime/lib/ant-1.6.5.jar
4cac9000-4caca000 ---p 00000000 00:00 0 
4caca000-4cb4a000 rw-p 00000000 00:00 0 
4cb4a000-4cb4d000 ---p 00000000 00:00 0 
4cb4d000-4cc4b000 rw-p 00000000 00:00 0 
4cc4b000-4cc4e000 ---p 00000000 00:00 0 
4cc4e000-4cccc000 rw-p 00000000 00:00 0 
4cccc000-4cccf000 ---p 00000000 00:00 0 
4cccf000-4cd4d000 rw-p 00000000 00:00 0 
4cd4d000-4cd50000 ---p 00000000 00:00 0 
4cd50000-4ce4e000 rw-p 00000000 00:00 0 
4ce4e000-4cfbe000 r--p 0051c000 08:07 389704     /usr/lib/locale/locale-archive
4cfbe000-4d1be000 r--p 00000000 08:07 389704     /usr/lib/locale/locale-archive
4d1be000-4d1c1000 ---p 00000000 00:00 0 
4d1c1000-4d2bf000 rw-p 00000000 00:00 0 
4d2bf000-4d2c2000 ---p 00000000 00:00 0 
4d2c2000-4d3c0000 rw-p 00000000 00:00 0 
4d3c0000-4d3c1000 ---p 00000000 00:00 0 
4d3c1000-4d441000 rw-p 00000000 00:00 0 
4d441000-4d600000 r--s 039fc000 08:05 6056896    /media/_mnt_repos/dt/jdk1.7.0_01/jre/lib/rt.jar
4d600000-4d6f8000 rw-p 00000000 00:00 0 
4d6f8000-4d700000 ---p 00000000 00:00 0 
4d700000-4d723000 r--s 0019a000 08:06 13863      /home/vvitvitskiy/.emacs.d/ensime/lib/scalariform_2.9.1-0.1.1.jar
4d723000-4d734000 r--s 000dc000 08:06 13847      /home/vvitvitskiy/.emacs.d/ensime/lib/ensime_2.9.2-SNAPSHOT-0.8.0.RC3.jar
4d734000-4d77f000 rw-p 00000000 00:00 0 
4d77f000-4d780000 ---p 00000000 00:00 0 
4d780000-4d800000 rw-p 00000000 00:00 0 
4d800000-4d801000 ---p 00000000 00:00 0 
4d801000-4d881000 rw-p 00000000 00:00 0 
4d881000-4d882000 ---p 00000000 00:00 0 
4d882000-4d902000 rw-p 00000000 00:00 0 
4d902000-4d903000 ---p 00000000 00:00 0 
4d903000-4da19000 rw-p 00000000 00:00 0 
4da19000-4dbbb000 rw-p 00000000 00:00 0 
4dbbb000-4dc51000 rw-p 00000000 00:00 0 
4dc51000-4ddf3000 rw-p 00000000 00:00 0 
4ddf3000-4deef000 rw-p 00000000 00:00 0 
4deef000-609a0000 rw-p 00000000 00:00 0 
609a0000-94ef0000 rw-p 00000000 00:00 0 
94ef0000-b46f0000 rw-p 00000000 00:00 0 
b46f0000-b46f2000 r--s 0000d000 08:06 13869      /home/vvitvitskiy/.emacs.d/ensime/lib/critbit-0.0.4.jar
b46f2000-b46f4000 r--s 00007000 08:06 13860      /home/vvitvitskiy/.emacs.d/ensime/lib/asm-commons-3.2.jar
b46f4000-b46f6000 r--s 0000d000 08:06 13843      /home/vvitvitskiy/.emacs.d/ensime/lib/commons-logging-1.1.1.jar
b46f6000-b46f8000 r--s 00008000 08:06 13841      /home/vvitvitskiy/.emacs.d/ensime/lib/classworlds-1.1-alpha-2.jar
b46f8000-b4704000 rw-p 00000000 00:00 0 
b4704000-b47b8000 rw-p 00000000 00:00 0 
b47b8000-b4a80000 rwxp 00000000 00:00 0 
b4a80000-b77b8000 rw-p 00000000 00:00 0 
b77b8000-b77bb000 ---p 00000000 00:00 0 
b77bb000-b78bb000 rw-p 00000000 00:00 0 
b78bc000-b78bd000 r--s 00002000 08:06 13839      /home/vvitvitskiy/.emacs.d/ensime/lib/wagon-file-1.0-beta-6.jar
b78bd000-b78be000 r--s 0000b000 08:06 13833      /home/vvitvitskiy/.emacs.d/ensime/lib/maven-settings-2.2.1.jar
b78be000-b78c2000 r--s 00034000 08:06 13831      /home/vvitvitskiy/.emacs.d/ensime/lib/plexus-utils-1.5.15.jar
b78c2000-b78c4000 r--s 00008000 08:06 13824      /home/vvitvitskiy/.emacs.d/ensime/lib/xercesMinimal-1.9.6.2.jar
b78c4000-b78c7000 r--s 00019000 08:06 13823      /home/vvitvitskiy/.emacs.d/ensime/lib/nekohtml-1.9.6.2.jar
b78c7000-b78c9000 r--s 0000f000 08:06 13820      /home/vvitvitskiy/.emacs.d/ensime/lib/maven-artifact-manager-2.2.1.jar
b78c9000-b78ca000 r--p 002a1000 08:07 389704     /usr/lib/locale/locale-archive
b78ca000-b78d2000 rw-s 00000000 08:03 128862     /tmp/hsperfdata_vvitvitskiy/5112
b78d2000-b78d3000 rw-p 00000000 00:00 0 
b78d3000-b78d4000 r--p 00000000 00:00 0 
b78d4000-b78d6000 rw-p 00000000 00:00 0 
bf7f8000-bf81a000 rw-p 00000000 00:00 0          [stack]

VM Arguments:
jvm_args: -XX:+DoEscapeAnalysis -Xms256M -Xmx1512M -XX:PermSize=128m -Xss1M -Dfile.encoding=UTF-8 
java_command: org.ensime.server.Server /tmp/ensime_port.5107
Launcher Type: SUN_STANDARD

Environment Variables:
PATH=/home/vvitvitskiy/bin:/usr/lib/lightdm/lightdm:/usr/local/sbin:/usr/local/bin:/usr/sbin:/usr/bin:/sbin:/bin:/usr/games:/media/_mnt_repos/dt/jdk1.7.0_01/bin:/media/_mnt_repos/dt/apache-maven/bin:/media/_mnt_repos/dt/scala:/media/_mnt_repos/dt/jdk1.7.0_01/bin:/media/_mnt_repos/dt/apache-maven/bin:/media/_mnt_repos/dt/scala
USERNAME=vvitvitskiy
SHELL=/bin/bash
DISPLAY=:0

Signal Handlers:
SIGSEGV: [libjvm.so+0x6dd4d0], sa_mask[0]=0x7ffbfeff, sa_flags=0x10000004
SIGBUS: [libjvm.so+0x6dd4d0], sa_mask[0]=0x7ffbfeff, sa_flags=0x10000004
SIGFPE: [libjvm.so+0x59dae0], sa_mask[0]=0x7ffbfeff, sa_flags=0x10000004
SIGPIPE: [libjvm.so+0x59dae0], sa_mask[0]=0x7ffbfeff, sa_flags=0x10000004
SIGXFSZ: [libjvm.so+0x59dae0], sa_mask[0]=0x7ffbfeff, sa_flags=0x10000004
SIGILL: [libjvm.so+0x59dae0], sa_mask[0]=0x7ffbfeff, sa_flags=0x10000004
SIGUSR1: SIG_DFL, sa_mask[0]=0x00000000, sa_flags=0x00000000
SIGUSR2: [libjvm.so+0x59d3e0], sa_mask[0]=0x00000000, sa_flags=0x10000004
SIGHUP: [libjvm.so+0x59faf0], sa_mask[0]=0x7ffbfeff, sa_flags=0x10000004
SIGINT: [libjvm.so+0x59faf0], sa_mask[0]=0x7ffbfeff, sa_flags=0x10000004
SIGTERM: [libjvm.so+0x59faf0], sa_mask[0]=0x7ffbfeff, sa_flags=0x10000004
SIGQUIT: [libjvm.so+0x59faf0], sa_mask[0]=0x7ffbfeff, sa_flags=0x10000004


---------------  S Y S T E M  ---------------

OS:wheezy/sid

uname:Linux 3.0.0-12-generic #20-Ubuntu SMP Fri Oct 7 14:50:42 UTC 2011 i686
libc:glibc 2.13 NPTL 2.13 
rlimit: STACK 8192k, CORE 0k, NPROC 23520, NOFILE 4096, AS infinity
load average:0.39 0.17 0.14

/proc/meminfo:
MemTotal:        3024608 kB
MemFree:         1116644 kB
Buffers:           68644 kB
Cached:           621280 kB
SwapCached:         2892 kB
Active:          1023884 kB
Inactive:         764628 kB
Active(anon):     767640 kB
Inactive(anon):   334716 kB
Active(file):     256244 kB
Inactive(file):   429912 kB
Unevictable:          20 kB
Mlocked:              20 kB
HighTotal:       2161668 kB
HighFree:         419540 kB
LowTotal:         862940 kB
LowFree:          697104 kB
SwapTotal:       1023996 kB
SwapFree:        1019332 kB
Dirty:              7272 kB
Writeback:             0 kB
AnonPages:       1096368 kB
Mapped:           115060 kB
Shmem:              3728 kB
Slab:              47576 kB
SReclaimable:      33224 kB
SUnreclaim:        14352 kB
KernelStack:        3000 kB
PageTables:         8036 kB
NFS_Unstable:          0 kB
Bounce:                0 kB
WritebackTmp:          0 kB
CommitLimit:     2536300 kB
Committed_AS:    2968424 kB
VmallocTotal:     122880 kB
VmallocUsed:       80556 kB
VmallocChunk:      33788 kB
HardwareCorrupted:     0 kB
AnonHugePages:         0 kB
HugePages_Total:       0
HugePages_Free:        0
HugePages_Rsvd:        0
HugePages_Surp:        0
Hugepagesize:       4096 kB
DirectMap4k:       53240 kB
DirectMap4M:      856064 kB


CPU:total 4 (2 cores per cpu, 2 threads per core) family 6 model 37 stepping 2, cmov, cx8, fxsr, mmx, sse, sse2, sse3, ssse3, sse4.1, sse4.2, popcnt, ht

/proc/cpuinfo:
processor	: 0
vendor_id	: GenuineIntel
cpu family	: 6
model		: 37
model name	: Intel(R) Core(TM) i5 CPU       M 430  @ 2.27GHz
stepping	: 2
cpu MHz		: 2262.000
cache size	: 3072 KB
physical id	: 0
siblings	: 4
core id		: 0
cpu cores	: 2
apicid		: 0
initial apicid	: 0
fdiv_bug	: no
hlt_bug		: no
f00f_bug	: no
coma_bug	: no
fpu		: yes
fpu_exception	: yes
cpuid level	: 11
wp		: yes
flags		: fpu vme de pse tsc msr pae mce cx8 apic mtrr pge mca cmov pat pse36 clflush dts acpi mmx fxsr sse sse2 ss ht tm pbe rdtscp lm constant_tsc arch_perfmon pebs bts xtopology nonstop_tsc aperfmperf pni dtes64 monitor ds_cpl vmx est tm2 ssse3 cx16 xtpr pdcm sse4_1 sse4_2 popcnt lahf_lm ida arat dts tpr_shadow vnmi flexpriority ept vpid
bogomips	: 4522.36
clflush size	: 64
cache_alignment	: 64
address sizes	: 36 bits physical, 48 bits virtual
power management:

processor	: 1
vendor_id	: GenuineIntel
cpu family	: 6
model		: 37
model name	: Intel(R) Core(TM) i5 CPU       M 430  @ 2.27GHz
stepping	: 2
cpu MHz		: 2262.000
cache size	: 3072 KB
physical id	: 0
siblings	: 4
core id		: 2
cpu cores	: 2
apicid		: 4
initial apicid	: 4
fdiv_bug	: no
hlt_bug		: no
f00f_bug	: no
coma_bug	: no
fpu		: yes
fpu_exception	: yes
cpuid level	: 11
wp		: yes
flags		: fpu vme de pse tsc msr pae mce cx8 apic mtrr pge mca cmov pat pse36 clflush dts acpi mmx fxsr sse sse2 ss ht tm pbe rdtscp lm constant_tsc arch_perfmon pebs bts xtopology nonstop_tsc aperfmperf pni dtes64 monitor ds_cpl vmx est tm2 ssse3 cx16 xtpr pdcm sse4_1 sse4_2 popcnt lahf_lm ida arat dts tpr_shadow vnmi flexpriority ept vpid
bogomips	: 4522.03
clflush size	: 64
cache_alignment	: 64
address sizes	: 36 bits physical, 48 bits virtual
power management:

processor	: 2
vendor_id	: GenuineIntel
cpu family	: 6
model		: 37
model name	: Intel(R) Core(TM) i5 CPU       M 430  @ 2.27GHz
stepping	: 2
cpu MHz		: 1197.000
cache size	: 3072 KB
physical id	: 0
siblings	: 4
core id		: 0
cpu cores	: 2
apicid		: 1
initial apicid	: 1
fdiv_bug	: no
hlt_bug		: no
f00f_bug	: no
coma_bug	: no
fpu		: yes
fpu_exception	: yes
cpuid level	: 11
wp		: yes
flags		: fpu vme de pse tsc msr pae mce cx8 apic mtrr pge mca cmov pat pse36 clflush dts acpi mmx fxsr sse sse2 ss ht tm pbe rdtscp lm constant_tsc arch_perfmon pebs bts xtopology nonstop_tsc aperfmperf pni dtes64 monitor ds_cpl vmx est tm2 ssse3 cx16 xtpr pdcm sse4_1 sse4_2 popcnt lahf_lm ida arat dts tpr_shadow vnmi flexpriority ept vpid
bogomips	: 4522.02
clflush size	: 64
cache_alignment	: 64
address sizes	: 36 bits physical, 48 bits virtual
power management:

processor	: 3
vendor_id	: GenuineIntel
cpu family	: 6
model		: 37
model name	: Intel(R) Core(TM) i5 CPU       M 430  @ 2.27GHz
stepping	: 2
cpu MHz		: 2262.000
cache size	: 3072 KB
physical id	: 0
siblings	: 4
core id		: 2
cpu cores	: 2
apicid		: 5
initial apicid	: 5
fdiv_bug	: no
hlt_bug		: no
f00f_bug	: no
coma_bug	: no
fpu		: yes
fpu_exception	: yes
cpuid level	: 11
wp		: yes
flags		: fpu vme de pse tsc msr pae mce cx8 apic mtrr pge mca cmov pat pse36 clflush dts acpi mmx fxsr sse sse2 ss ht tm pbe rdtscp lm constant_tsc arch_perfmon pebs bts xtopology nonstop_tsc aperfmperf pni dtes64 monitor ds_cpl vmx est tm2 ssse3 cx16 xtpr pdcm sse4_1 sse4_2 popcnt lahf_lm ida arat dts tpr_shadow vnmi flexpriority ept vpid
bogomips	: 4503.18
clflush size	: 64
cache_alignment	: 64
address sizes	: 36 bits physical, 48 bits virtual
power management:



Memory: 4k page, physical 3024608k(1116644k free), swap 1023996k(1019332k free)

vm_info: Java HotSpot(TM) Server VM (21.1-b02) for linux-x86 JRE (1.7.0_01-b08), built on Oct  3 2011 01:17:58 by "java_re" with gcc 4.3.0 20080428 (Red Hat 4.3.0-8)

time: Fri Nov 18 23:59:42 2011
elapsed time: 9 seconds

